<?xml version="1.0" encoding="UTF-8"?>
<testsuite name="tests.LoginTests" tests="2" skipped="0" failures="0" errors="0" timestamp="2022-06-28T16:26:11" hostname="BENNY-PC" time="1.556">
  <properties/>
  <testcase name="loginASuccess" classname="tests.LoginTests" time="0.393"/>
  <testcase name="loginNegativeTestsWrongEmail" classname="tests.LoginTests" time="0.302"/>
  <system-out><![CDATA[]]></system-out>
  <system-err><![CDATA[]]></system-err>
</testsuite>
